Started at Sat Aug 01 22:55:31 GMT 2020
Processing acr-push
Offering acr-push to Project Build Discarder
Finished at Sat Aug 01 22:55:32 GMT 2020. 221ms
Started at Sat Aug 01 23:55:27 GMT 2020
Processing acr-push
Offering acr-push to Project Build Discarder
Finished at Sat Aug 01 23:55:28 GMT 2020. 116ms
Started at Sun Aug 02 01:06:40 GMT 2020
Processing acr-push
Offering acr-push to Project Build Discarder
Finished at Sun Aug 02 01:06:40 GMT 2020. 312ms
Started at Sun Aug 02 02:27:16 GMT 2020
Processing acr-push
Offering acr-push to Project Build Discarder
Finished at Sun Aug 02 02:27:17 GMT 2020. 67ms
Started at Sun Aug 02 14:05:14 GMT 2020
Processing acr-push
Offering acr-push to Project Build Discarder
Finished at Sun Aug 02 14:05:15 GMT 2020. 598ms
Started at Sun Aug 02 15:57:33 GMT 2020
Processing acr-push
Offering acr-push to Project Build Discarder
Finished at Sun Aug 02 15:57:33 GMT 2020. 228ms
Started at Sun Aug 02 17:56:04 GMT 2020
Processing acr-push
Offering acr-push to Project Build Discarder
Finished at Sun Aug 02 17:56:04 GMT 2020. 49ms
Started at Sun Aug 02 18:56:00 GMT 2020
Processing acr-push
Offering acr-push to Project Build Discarder
Finished at Sun Aug 02 18:56:00 GMT 2020. 42ms
Started at Sun Aug 02 21:44:49 GMT 2020
Processing acr-push
Offering acr-push to Project Build Discarder
Finished at Sun Aug 02 21:44:49 GMT 2020. 166ms
Started at Sun Aug 02 22:44:44 GMT 2020
Processing acr-push
Offering acr-push to Project Build Discarder
Finished at Sun Aug 02 22:44:44 GMT 2020. 30ms
